<?xml version="1.0" encoding="UTF-8"?>
<!-- Generated by org.testng.reporters.JUnitReportReporter -->
<testsuite hostname="DERIW42NLPC0802" failures="0" tests="3" name="testing.AnnotationsClass3" time="0.006" errors="0" timestamp="2021-02-23T22:29:10 IST" skipped="1">
  <testcase classname="testing.AnnotationsClass3" name="test2" time="0.005"/>
  <system-out/>
  <testcase classname="testing.AnnotationsClass3" name="test1" time="0.001"/>
  <system-out/>
  <testcase classname="testing.AnnotationsClass3" name="test3">
    <skipped/>
  </testcase> <!-- test3 -->
  <system-out/>
</testsuite> <!-- testing.AnnotationsClass3 -->
