<?xml version="1.0" encoding="UTF-8"?>
<!-- Generated by org.testng.reporters.JUnitReportReporter -->
<testsuite hostname="DERIW42NLPC0802" failures="0" tests="4" name="achievements.DBErrors" time="20.691" errors="0" timestamp="2021-02-24T22:23:04 IST" skipped="0">
  <testcase classname="achievements.DBErrors" name="test1" time="7.003"/>
  <system-out/>
  <testcase classname="achievements.DBErrors" name="achievements_saveAchievement_userInitiated" time="4.513"/>
  <system-out/>
  <testcase classname="achievements.DBErrors" name="test2" time="3.861"/>
  <system-out/>
  <testcase classname="achievements.DBErrors" name="test3" time="5.314"/>
  <system-out/>
</testsuite> <!-- achievements.DBErrors -->
