<?xml version="1.0" encoding="UTF-8"?>
<!-- Generated by org.testng.reporters.JUnitReportReporter -->
<testsuite hostname="DERIW42NLPC0802" failures="0" tests="3" name="timersAndSweepers.SweeperInitiated" time="33.099" errors="0" timestamp="2021-02-24T22:23:04 IST" skipped="0">
  <testcase classname="timersAndSweepers.SweeperInitiated" name="test2" time="14.389"/>
  <system-out/>
  <testcase classname="timersAndSweepers.SweeperInitiated" name="test1" time="11.702"/>
  <system-out/>
  <testcase classname="timersAndSweepers.SweeperInitiated" name="test3" time="7.008"/>
  <system-out/>
</testsuite> <!-- timersAndSweepers.SweeperInitiated -->
