<?xml version="1.0" encoding="UTF-8"?>
<!-- Generated by org.testng.reporters.JUnitReportReporter -->
<testsuite hostname="DERIW42NLPC0802" failures="0" tests="3" name="timersAndSweepers.UserInitiated" time="13.565" errors="0" timestamp="2021-02-24T22:23:04 IST" skipped="0">
  <testcase classname="timersAndSweepers.UserInitiated" name="test1" time="4.276"/>
  <system-out/>
  <testcase classname="timersAndSweepers.UserInitiated" name="test2" time="4.769"/>
  <system-out/>
  <testcase classname="timersAndSweepers.UserInitiated" name="test3" time="4.520"/>
  <system-out/>
</testsuite> <!-- timersAndSweepers.UserInitiated -->
