<?xml version="1.0" encoding="UTF-8"?>
<!-- Generated by org.testng.reporters.JUnitReportReporter -->
<testsuite hostname="DERIW42NLPC0802" failures="0" tests="3" name="freeGames.CashOffers" time="12.146" errors="0" timestamp="2021-02-24T22:23:04 IST" skipped="0">
  <testcase classname="freeGames.CashOffers" name="test1" time="2.830"/>
  <system-out/>
  <testcase classname="freeGames.CashOffers" name="test2" time="4.647"/>
  <system-out/>
  <testcase classname="freeGames.CashOffers" name="test3" time="4.669"/>
  <system-out/>
</testsuite> <!-- freeGames.CashOffers -->
