<?xml version="1.0" encoding="UTF-8"?>
<!-- Generated by org.testng.reporters.JUnitReportReporter -->
<testsuite hostname="DERIW42NLPC0802" failures="0" tests="3" name="freeGames.BonusOffers" time="10.824" errors="0" timestamp="2021-02-24T22:23:04 IST" skipped="0">
  <testcase classname="freeGames.BonusOffers" name="test3" time="4.121"/>
  <system-out/>
  <testcase classname="freeGames.BonusOffers" name="test1" time="3.696"/>
  <system-out/>
  <testcase classname="freeGames.BonusOffers" name="test2" time="3.007"/>
  <system-out/>
</testsuite> <!-- freeGames.BonusOffers -->
