<?xml version="1.0" encoding="UTF-8"?>
<!-- Generated by org.testng.reporters.JUnitReportReporter -->
<testsuite hostname="DERIW42NLPC0802" failures="0" tests="3" name="testing.Annotations" time="0.022" errors="0" timestamp="2021-02-23T21:50:19 IST" skipped="0">
  <testcase classname="testing.Annotations" name="test2" time="0.019"/>
  <system-out/>
  <testcase classname="testing.Annotations" name="test3" time="0.001"/>
  <system-out/>
  <testcase classname="testing.Annotations" name="test1" time="0.002"/>
  <system-out/>
</testsuite> <!-- testing.Annotations -->
