<?xml version="1.0" encoding="UTF-8"?>
<!-- Generated by org.testng.reporters.JUnitReportReporter -->
<testsuite hostname="DERIW42NLPC0802" failures="0" tests="3" name="achievements.FunctionalTests" time="57.602" errors="0" timestamp="2021-02-24T22:23:04 IST" skipped="0">
  <testcase classname="achievements.FunctionalTests" name="test2" time="11.829"/>
  <system-out/>
  <testcase classname="achievements.FunctionalTests" name="test3" time="24.692"/>
  <system-out/>
  <testcase classname="achievements.FunctionalTests" name="test1" time="21.081"/>
  <system-out/>
</testsuite> <!-- achievements.FunctionalTests -->
