<?xml version="1.0" encoding="UTF-8"?>
<!-- Generated by org.testng.reporters.JUnitReportReporter -->
<testsuite hostname="DERIW42NLPC0802" failures="0" tests="1" name="webElements.LaunchBrowser2" time="11.225" errors="0" timestamp="2021-03-03T21:35:26 IST" skipped="0">
  <testcase classname="webElements.LaunchBrowser2" name="test1" time="11.225"/>
  <system-out/>
</testsuite> <!-- webElements.LaunchBrowser2 -->
