<?xml version="1.0" encoding="UTF-8"?>
<!-- Generated by org.testng.reporters.JUnitReportReporter -->
<testsuite hostname="DERIW42NLPC0802" failures="0" tests="7" name="webElements.LaunchBrowser" time="55.737" errors="0" timestamp="2021-03-04T21:49:57 IST" skipped="0">
  <testcase classname="webElements.LaunchBrowser" name="validate_DateOfManufacture" time="28.932"/>
  <system-out/>
  <testcase classname="webElements.LaunchBrowser" name="completeTheForm" time="0.988"/>
  <system-out/>
  <testcase classname="webElements.LaunchBrowser" name="validate_EnginePerformance_textBox" time="0.131"/>
  <system-out/>
  <testcase classname="webElements.LaunchBrowser" name="launchBrowser" time="7.523"/>
  <system-out/>
  <testcase classname="webElements.LaunchBrowser" name="validate_motorCycle_event_VehicalData" time="1.131"/>
  <system-out/>
  <testcase classname="webElements.LaunchBrowser" name="radioButtonAndCheckbox" time="12.528"/>
  <system-out/>
  <testcase classname="webElements.LaunchBrowser" name="validate_Make_Dropdown" time="4.504"/>
  <system-out/>
</testsuite> <!-- webElements.LaunchBrowser -->
